make all --print-data-base --no-builtin-variables --no-builtin-rules --question
# GNU Make 4.3
# Built for x86_64-pc-linux-gnu
# Copyright (C) 1988-2020 Free Software Foundation, Inc.
# License GPLv3+: GNU GPL version 3 or later <http://gnu.org/licenses/gpl.html>
# This is free software: you are free to change and redistribute it.
# There is NO WARRANTY, to the extent permitted by law.

# Make data base, printed on Fri Jul 15 18:26:50 2022

# Variables

# environment
GDK_BACKEND = x11
# environment
LC_ALL = C
# environment
NO_AT_BRIDGE = 1
# environment
GTK_RC_FILES = /etc/gtk/gtkrc:/home/sourav/.gtkrc:/home/sourav/.config/gtkrc
# environment
VSCODE_IPC_HOOK_EXTHOST = /run/user/1000/vscode-ipc-17b79f04-bbf8-4b65-acab-ae947c854419.sock
# environment
LC_NAME = en_IN
# environment
LC_NUMERIC = en_IN
# environment
VSCODE_CWD = /home/sourav
# environment
LC_ADDRESS = en_IN
# default
MAKE_COMMAND := make
# environment
GTK3_MODULES = xapp-gtk3-module
# automatic
@D = $(patsubst %/,%,$(dir $@))
# environment
VSCODE_HANDLES_UNCAUGHT_ERRORS = true
# default
.VARIABLES := 
# environment
PWD = /home/sourav/Documents/MaksudiOs/maksudiKernel_v1.0
# automatic
%D = $(patsubst %/,%,$(dir $%))
# environment
MAIL = /var/spool/mail/sourav
# environment
XDG_DATA_DIRS = /usr/local/share:/usr/share:/var/lib/snapd/desktop
# automatic
^D = $(patsubst %/,%,$(dir $^))
# environment
VSCODE_LOG_STACK = false
# automatic
%F = $(notdir $%)
# environment
VSCODE_CODE_CACHE_PATH = /home/sourav/.config/Code/CachedData/4af164ea3a06f701fe3e89a2bcbb421d2026b68f
# environment
XDG_SESSION_PATH = /org/freedesktop/DisplayManager/Session1
# environment
LANG = C
# environment
XAUTHORITY = /home/sourav/.Xauthority
# default
.LOADED := 
# default
.INCLUDE_DIRS = /usr/include /usr/local/include /usr/include
# makefile
MAKEFLAGS = pqrR
# makefile
CURDIR := /home/sourav/Documents/MaksudiOs/maksudiKernel_v1.0
# environment
VSCODE_PIPE_LOGGING = true
# environment
APPLICATION_INSIGHTS_NO_DIAGNOSTIC_CHANNEL = 1
# automatic
*D = $(patsubst %/,%,$(dir $*))
# environment
PAM_KWALLET5_LOGIN = /run/user/1000/kwallet5.socket
# environment
MFLAGS = -pqrR
# default
.SHELLFLAGS := -c
# environment
QT_LINUX_ACCESSIBILITY_ALWAYS_ON = 1
# environment
XDG_CONFIG_DIRS = /home/sourav/.config/kdedefaults:/etc/xdg
# automatic
+D = $(patsubst %/,%,$(dir $+))
# environment
XCURSOR_THEME = breeze_cursors
# environment
XDG_SESSION_DESKTOP = KDE
# makefile (from 'makefile', line 1)
MAKEFILE_LIST := makefile
# automatic
@F = $(notdir $@)
# environment
VSCODE_VERBOSE_LOGGING = true
# environment
VSCODE_PID = 136504
# environment
XDG_SESSION_TYPE = x11
# automatic
?D = $(patsubst %/,%,$(dir $?))
# makefile (from 'makefile', line 3)
FLAGS = -g -ffreestanding -falign-jumps -falign-functions -falign-labels -falign-loops -fstrength-reduce -fomit-frame-pointer -finline-functions -Wno-unused-function -fno-builtin -Werror -Wno-unused-label -Wno-cpp -Wno-unused-parameter -nostdlib -nostartfiles -nodefaultlibs -Wall -O0 -Iinc
# makefile (from 'makefile', line 2)
INCLUDES = -I./src
# environment
SESSION_MANAGER = local/sourav-tuf:@/tmp/.ICE-unix/840,unix/sourav-tuf:/tmp/.ICE-unix/840
# automatic
*F = $(notdir $*)
# environment
CHROME_DESKTOP = code-url-handler.desktop
# environment
DBUS_SESSION_BUS_ADDRESS = unix:path=/run/user/1000/bus
# automatic
<D = $(patsubst %/,%,$(dir $<))
# environment
VSCODE_NLS_CONFIG = {"locale":"en-gb","availableLanguages":{},"_languagePackSupport":true}
# default
MAKE_HOST := x86_64-pc-linux-gnu
# makefile
SHELL = /bin/sh
# default
MAKECMDGOALS := all
# environment
SHLVL = 1
# environment
MAKELEVEL := 0
# default
MAKE = $(MAKE_COMMAND)
# environment
PATH = /home/sourav/.cargo/bin:/home/sourav/.local/bin:/usr/local/sbin:/usr/local/bin:/usr/bin:/usr/lib/jvm/default/bin:/usr/bin/site_perl:/usr/bin/vendor_perl:/usr/bin/core_perl:/var/lib/snapd/snap/bin
# default
MAKEFILES := 
# environment
LC_MONETARY = en_IN
# environment
MOTD_SHOWN = pam
# automatic
^F = $(notdir $^)
# environment
LC_TIME = en_IN
# environment
VSCODE_LOG_NATIVE = false
# makefile (from 'makefile', line 1)
FILES = ./build/kernel.asm.o ./build/kernel.o
# environment
LC_TELEPHONE = en_IN
# automatic
?F = $(notdir $?)
# environment
KDE_APPLICATIONS_AS_SCOPE = 1
# environment
XDG_SEAT = seat0
# environment
XDG_CURRENT_DESKTOP = KDE
# automatic
+F = $(notdir $+)
# environment
XDG_SEAT_PATH = /org/freedesktop/DisplayManager/Seat0
# environment
DESKTOP_SESSION = plasma
# environment
ORIGINAL_XDG_CURRENT_DESKTOP = KDE
# 'override' directive
GNUMAKEFLAGS := 
# environment
LOGNAME = sourav
# environment
XDG_VTNR = 1
# makefile
.DEFAULT_GOAL := all
# environment
SYSTEMD_EXEC_PID = 719
# environment
DISPLAY = :0
# environment
GTK_MODULES = canberra-gtk-module
# environment
USER = sourav
# default
MAKE_VERSION := 4.3
# environment
KDE_SESSION_UID = 1000
# environment
LC_MEASUREMENT = en_IN
# environment
_ = /usr/bin/make
# environment
LC_PAPER = en_IN
# environment
XDG_RUNTIME_DIR = /run/user/1000
# environment
XDG_SESSION_CLASS = user
# environment
VSCODE_AMD_ENTRYPOINT = vs/workbench/api/node/extensionHostProcess
# environment
GTK2_RC_FILES = /etc/gtk-2.0/gtkrc:/home/sourav/.gtkrc-2.0:/home/sourav/.config/gtkrc-2.0
# environment
HOME = /home/sourav
# environment
ELECTRON_RUN_AS_NODE = 1
# environment
VSCODE_IPC_HOOK = /run/user/1000/vscode-cc6656e9-1.68.0-main.sock
# environment
XDG_SESSION_ID = 2
# environment
XCURSOR_SIZE = 24
# default
.RECIPEPREFIX := 
# automatic
<F = $(notdir $<)
# default
SUFFIXES := 
# environment
QT_AUTO_SCREEN_SCALE_FACTOR = 0
# environment
VSCODE_CLI = 1
# environment
ELECTRON_NO_ATTACH_CONSOLE = 1
# environment
KDE_SESSION_VERSION = 5
# default
.FEATURES := target-specific order-only second-expansion else-if shortest-stem undefine oneshell nocomment grouped-target extra-prereqs archives jobserver output-sync check-symlink guile load
# environment
KDE_FULL_SESSION = true
# environment
LC_IDENTIFICATION = en_IN
# variable set hash-table stats:
# Load=109/1024=11%, Rehash=0, Collisions=5/145=3%

# Pattern-specific Variable Values

# No pattern-specific variable values.

# Directories

# . (device 66306, inode 8398686): 9 files, no impossibilities.

# 9 files, no impossibilities in 1 directories.

# Implicit Rules

# No implicit rules.

# Files

bin/boot.bin: src/boot/boot.asm
#  Implicit rule search has not been done.
#  Last modified 2022-07-15 16:37:17.230371583
#  File has been updated.
#  Successfully updated.
#  recipe to execute (from 'makefile', line 16):
	nasm -f bin ./src/boot/boot.asm -o ./bin/boot.bin

bin/kernel.bin: build/kernel.asm.o build/kernel.o
#  Implicit rule search has not been done.
#  Last modified 2022-07-15 17:51:21.370178936
#  File has been updated.
#  Needs to be updated (-q is set).
# variable set hash-table stats:
# Load=0/32=0%, Rehash=0, Collisions=0/5=0%
#  recipe to execute (from 'makefile', line 12):
	i686-elf-ld -g -relocatable $(FILES) -o ./build/kernelfull.o
	i686-elf-gcc -T ./src/linker.ld -o ./bin/kernel.bin -ffreestanding -O0 -nostdlib ./build/kernelfull.o

build/kernel.o: src/kernel/kernel.c
#  Implicit rule search has not been done.
#  Implicit/static pattern stem: ''
#  Last modified 2022-07-15 17:51:21.356845603
#  File has been updated.
#  Needs to be updated (-q is set).
# automatic
# @ := build/kernel.o
# automatic
# * := 
# automatic
# < := src/kernel/kernel.c
# automatic
# + := src/kernel/kernel.c
# automatic
# % := 
# automatic
# ^ := src/kernel/kernel.c
# automatic
# ? := src/kernel/kernel.c
# automatic
 
# | := 
# variable set hash-table stats:
# Load=8/32=25%, Rehash=0, Collisions=1/13=8%
#  recipe to execute (from 'makefile', line 22):
	i686-elf-gcc $(INCLUDES) $(FLAGS) -std=gnu99 -c ./src/bootstrap.c -o ./build/kernel.o

# Not a target:
src/kernel/kernel.asm:
#  Implicit rule search has been done.
#  Last modified 2022-07-15 16:22:08.743744479
#  File has been updated.
#  Successfully updated.

# Not a target:
src/boot/boot.asm:
#  Implicit rule search has been done.
#  Last modified 2022-07-15 15:58:21.543806321
#  File has been updated.
#  Successfully updated.

clear:
#  Implicit rule search has not been done.
#  Modification time never checked.
#  File has not been updated.
#  recipe to execute (from 'makefile', line 28):
	rm -r ./build
	rm -r ./bin

# Not a target:
src/kernel/kernel.c:
#  Implicit rule search has been done.
#  Last modified 2022-07-15 17:52:45.163508638
#  File has been updated.
#  Successfully updated.

# Not a target:
.DEFAULT:
#  Implicit rule search has not been done.
#  Modification time never checked.
#  File has not been updated.

all: bin/boot.bin bin/kernel.bin
#  Command line target.
#  Implicit rule search has not been done.
#  File does not exist.
#  File has been updated.
#  Needs to be updated (-q is set).
# variable set hash-table stats:
# Load=0/32=0%, Rehash=0, Collisions=0/5=0%
#  recipe to execute (from 'makefile', line 6):
	rm -rf ./bin/os.bin
	dd if=./bin/boot.bin >> ./bin/os.bin
	dd if=./bin/kernel.bin >> ./bin/os.bin
	dd if=/dev/zero bs=512 count=100 >> ./bin/os.bin

run:
#  Implicit rule search has not been done.
#  Modification time never checked.
#  File has not been updated.
#  recipe to execute (from 'makefile', line 25):
	qemu-system-x86_64 -hda ./bin/os.bin

build/kernel.asm.o: src/kernel/kernel.asm
#  Implicit rule search has not been done.
#  Last modified 2022-07-15 16:37:17.237038249
#  File has been updated.
#  Successfully updated.
#  recipe to execute (from 'makefile', line 19):
	nasm -f elf -g ./src/kernel/kernel.asm -o ./build/kernel.asm.o

# Not a target:
makefile:
#  Implicit rule search has been done.
#  Last modified 2022-07-15 17:14:05.986942541
#  File has been updated.
#  Successfully updated.

# Not a target:
.SUFFIXES:
#  Implicit rule search has not been done.
#  Modification time never checked.
#  File has not been updated.

# files hash-table stats:
# Load=13/1024=1%, Rehash=0, Collisions=0/36=0%
# VPATH Search Paths

# No 'vpath' search paths.

# No general ('VPATH' variable) search path.

# strcache buffers: 1 (0) / strings = 23 / storage = 242 B / avg = 10 B
# current buf: size = 8162 B / used = 242 B / count = 23 / avg = 10 B

# strcache performance: lookups = 40 / hit rate = 42%
# hash-table stats:
# Load=23/8192=0%, Rehash=0, Collisions=0/40=0%
# Finished Make data base on Fri Jul 15 18:26:50 2022

 
